<?xml version="1.0" encoding="UTF-8"?>
<job_chain xmlns:xsi="http://www.w3.org/2001/XMLSchema-instance" xsi:noNamespaceSchemaLocation="https://www.sos-berlin.com/repository/scheduler/1.9/scheduler.xsd">
    <job_chain_node state="100" job="test-shell" error_state="END"/>
    <job_chain_node state="200" job="test-shell" error_state="END"/>
    <job_chain_node.end state="END"/>
</job_chain>
