<?xml version="1.0" encoding="utf-8"?>
<job xmlns:xsi="http://www.w3.org/2001/XMLSchema-instance" xsi:noNamespaceSchemaLocation="https://www.sos-berlin.com/repository/scheduler/1.9/scheduler.xsd">
    <script  language="java:javascript">

        function spooler_process() {
            java.lang.Thread.sleep(2000)
            return false
        }

    </script>
</job>
