<?xml version="1.0" encoding="UTF-8"?>
<job xmlns:xsi="http://www.w3.org/2001/XMLSchema-instance"
     xsi:noNamespaceSchemaLocation="https://github.com/sos-berlin/scheduler-engine-doc/raw/release/1.10/enginedoc-common/src/main/resources/com/sos/scheduler/enginedoc/common/scheduler.xsd"
     stop_on_error="false"
     order="true"
     process_class="/test"
>
    <script language="java:javascript"><![CDATA[
        function spooler_process() {
            spooler_log.error("API-TEST-ERROR");
            return true;
        }
    ]]></script>
</job>
