<?xml version="1.0" encoding="UTF-8"?>
<job xmlns:xsi="http://www.w3.org/2001/XMLSchema-instance"
     xsi:noNamespaceSchemaLocation="https://github.com/sos-berlin/scheduler-engine-doc/raw/release/1.10/enginedoc-common/src/main/resources/com/sos/scheduler/enginedoc/common/scheduler.xsd"
     stderr_log_level="error"
     process_class="/test"
>
    <script language="shell"><![CDATA[
:;if false; then
@echo off
goto WINDOWS
:;fi

echo TEST-STDOUT
echo TEST-STDERR 1>&2
sleep 1
exit 0

:WINDOWS
echo TEST-STDOUT
echo TEST-STDERR 1>&2
ping -n 2 127.0.0.1 >nul
exit 0
    ]]></script>
</job>
