<?xml version="1.0" encoding="UTF-8"?>
<job_chain xmlns:xsi="http://www.w3.org/2001/XMLSchema-instance"
     xsi:noNamespaceSchemaLocation="https://github.com/sos-berlin/scheduler-engine-doc/raw/release/1.10/enginedoc-common/src/main/resources/com/sos/scheduler/enginedoc/common/scheduler.xsd"
>
    <job_chain_node state="100" job="test-powershell-without-stderr" error_state="POWERSHELL-FAILED"/>
    <job_chain_node state="200" job="test-powershell" error_state="ERROR"/>
    <job_chain_node.end state="END"/>
    <job_chain_node.end state="ERROR"/>
    <job_chain_node.end state="POWERSHELL-FAILED"/>
</job_chain>
